<?xml version="1.0" encoding="utf-8"?><testsuites name="pytest tests"><testsuite name="pytest" errors="0" failures="0" skipped="0" tests="16" time="7.231" timestamp="2026-08-05T16:19:16.823144+00:00" hostname="agent-env-5dfb5fae-8e47-4832-b505-970c56eb501b"><testcase classname="backend.tests.backend_test.TestHealthAndStatic" name="test_health" time="0.004" /><testcase classname="backend.tests.backend_test.TestHealthAndStatic" name="test_root_html" time="0.004" /><testcase classname="backend.tests.backend_test.TestHealthAndStatic" name="test_logo" time="0.003" /><testcase classname="backend.tests.backend_test.TestHealthAndStatic" name="test_main_js" time="0.002" /><testcase classname="backend.tests.backend_test.TestHealthAndStatic" name="test_styles_css" time="0.002" /><testcase classname="backend.tests.backend_test.TestBookings" name="test_create_booking_missing_fields" time="0.002" /><testcase classname="backend.tests.backend_test.TestBookings" name="test_create_booking_success" time="3.468" /><testcase classname="backend.tests.backend_test.TestBookings" name="test_booking_persisted" time="0.000" /><testcase classname="backend.tests.backend_test.TestAssign" name="test_get_assign_page" time="0.002" /><testcase classname="backend.tests.backend_test.TestAssign" name="test_get_assign_not_found" time="0.002" /><testcase classname="backend.tests.backend_test.TestAssign" name="test_post_assign_sends_chauffeur_email" time="1.572" /><testcase classname="backend.tests.backend_test.TestAssign" name="test_assign_prefilled_after_save" time="0.002" /><testcase classname="backend.tests.backend_test.TestAssign" name="test_post_assign_second_time_updates" time="2.086" /><testcase classname="backend.tests.backend_test.TestCronRemoval" name="test_cron_endpoint_gone" time="0.002" /><testcase classname="backend.tests.backend_test.TestCronRemoval" name="test_cron_directory_removed" time="0.000" /><testcase classname="backend.tests.backend_test.TestCronRemoval" name="test_vercel_json_no_crons" time="0.000" /></testsuite></testsuites>