<?xml version="1.0" encoding="utf-8"?><testsuites name="pytest tests"><testsuite name="pytest" errors="0" failures="0" skipped="0" tests="19" time="3.376" timestamp="2026-08-05T15:55:24.366192+00:00" hostname="agent-env-5dfb5fae-8e47-4832-b505-970c56eb501b"><testcase classname="backend.tests.backend_test.TestHealthAndStatic" name="test_health" time="0.006" /><testcase classname="backend.tests.backend_test.TestHealthAndStatic" name="test_root_html" time="0.003" /><testcase classname="backend.tests.backend_test.TestHealthAndStatic" name="test_logo" time="0.003" /><testcase classname="backend.tests.backend_test.TestHealthAndStatic" name="test_main_js" time="0.001" /><testcase classname="backend.tests.backend_test.TestHealthAndStatic" name="test_styles_css" time="0.001" /><testcase classname="backend.tests.backend_test.TestBookings" name="test_create_booking_missing_fields" time="0.002" /><testcase classname="backend.tests.backend_test.TestBookings" name="test_create_booking_success" time="2.307" /><testcase classname="backend.tests.backend_test.TestBookings" name="test_booking_persisted" time="0.000" /><testcase classname="backend.tests.backend_test.TestAssign" name="test_get_assign_page" time="0.002" /><testcase classname="backend.tests.backend_test.TestAssign" name="test_get_assign_not_found" time="0.001" /><testcase classname="backend.tests.backend_test.TestAssign" name="test_post_assign_driver" time="0.004" /><testcase classname="backend.tests.backend_test.TestAssign" name="test_assign_prefilled_after_save" time="0.002" /><testcase classname="backend.tests.backend_test.TestReminderCron" name="test_cron_first_call_sends" time="0.908" /><testcase classname="backend.tests.backend_test.TestReminderCron" name="test_reminder_persisted_in_file" time="0.000" /><testcase classname="backend.tests.backend_test.TestReminderCron" name="test_cron_second_call_idempotent" time="0.002" /><testcase classname="backend.tests.backend_test.TestVercelStructure" name="test_api_bookings_exists" time="0.000" /><testcase classname="backend.tests.backend_test.TestVercelStructure" name="test_api_assign_exists" time="0.000" /><testcase classname="backend.tests.backend_test.TestVercelStructure" name="test_api_cron_reminders_exists" time="0.000" /><testcase classname="backend.tests.backend_test.TestVercelStructure" name="test_vercel_json_valid" time="0.000" /></testsuite></testsuites>